2025-05-07 17:52:27,856 INFO    MainThread:7532 [wandb_setup.py:_flush():68] Current SDK version is 0.19.10
2025-05-07 17:52:27,856 INFO    MainThread:7532 [wandb_setup.py:_flush():68] Configure stats pid to 7532
2025-05-07 17:52:27,856 INFO    MainThread:7532 [wandb_setup.py:_flush():68] Loading settings from C:\Users\Surface\.config\wandb\settings
2025-05-07 17:52:27,856 INFO    MainThread:7532 [wandb_setup.py:_flush():68] Loading settings from c:\Users\Surface\Masterarbeit\models\wandb\settings
2025-05-07 17:52:27,856 INFO    MainThread:7532 [wandb_setup.py:_flush():68] Loading settings from environment variables
2025-05-07 17:52:27,856 INFO    MainThread:7532 [wandb_init.py:setup_run_log_directory():724] Logging user logs to c:\Users\Surface\Masterarbeit\models\wandb\run-20250507_175227-mgz1e9x4\logs\debug.log
2025-05-07 17:52:27,856 INFO    MainThread:7532 [wandb_init.py:setup_run_log_directory():725] Logging internal logs to c:\Users\Surface\Masterarbeit\models\wandb\run-20250507_175227-mgz1e9x4\logs\debug-internal.log
2025-05-07 17:52:27,872 INFO    MainThread:7532 [wandb_init.py:monkeypatch_ipython():643] configuring jupyter hooks <wandb.sdk.wandb_init._WandbInit object at 0x00000154968670E0>
2025-05-07 17:52:27,872 INFO    MainThread:7532 [wandb_init.py:init():852] calling init triggers
2025-05-07 17:52:27,872 INFO    MainThread:7532 [wandb_init.py:init():857] wandb.init called with sweep_config: {}
config: {'n_estimators': 400, 'learning_rate': 0.01, 'distribution': 'Normal', 'score': 'LogScore', 'early_stopping_rounds': 2, '_wandb': {}}
2025-05-07 17:52:27,872 INFO    MainThread:7532 [wandb_init.py:init():893] starting backend
2025-05-07 17:52:27,872 INFO    MainThread:7532 [wandb_init.py:init():897] sending inform_init request
2025-05-07 17:52:28,124 INFO    MainThread:7532 [backend.py:_multiprocessing_setup():101] multiprocessing start_methods=spawn, using: spawn
2025-05-07 17:52:28,132 INFO    MainThread:7532 [wandb_init.py:init():907] backend started and connected
2025-05-07 17:52:28,136 INFO    MainThread:7532 [wandb_run.py:_label_probe_notebook():1369] probe notebook
2025-05-07 17:52:28,140 INFO    MainThread:7532 [wandb_init.py:init():1002] updated telemetry
2025-05-07 17:52:28,220 INFO    MainThread:7532 [wandb_init.py:init():1026] communicating run to backend with 90.0 second timeout
2025-05-07 17:52:32,634 INFO    MainThread:7532 [wandb_init.py:init():1101] starting run threads in backend
2025-05-07 17:52:32,958 INFO    MainThread:7532 [wandb_run.py:_console_start():2566] atexit reg
2025-05-07 17:52:32,958 INFO    MainThread:7532 [wandb_run.py:_redirect():2414] redirect: wrap_raw
2025-05-07 17:52:32,958 INFO    MainThread:7532 [wandb_run.py:_redirect():2483] Wrapping output streams.
2025-05-07 17:52:32,958 INFO    MainThread:7532 [wandb_run.py:_redirect():2506] Redirects installed.
2025-05-07 17:52:32,979 INFO    MainThread:7532 [wandb_init.py:init():1147] run started, returning control to user process
2025-05-07 17:52:32,986 ERROR   MainThread:7532 [util.py:get_module():261] Error importing optional module plotly.tools
Traceback (most recent call last):
  File "c:\Users\Surface\Masterarbeit\.venv\Lib\site-packages\wandb\util.py", line 227, in import_module_lazy
    return sys.modules[name]
           ~~~~~~~~~~~^^^^^^
KeyError: 'plotly.tools'

During handling of the above exception, another exception occurred:

Traceback (most recent call last):
  File "c:\Users\Surface\Masterarbeit\.venv\Lib\site-packages\wandb\util.py", line 256, in get_module
    return import_module_lazy(name)
           ^^^^^^^^^^^^^^^^^^^^^^^^
  File "c:\Users\Surface\Masterarbeit\.venv\Lib\site-packages\wandb\util.py", line 229, in import_module_lazy
    spec = importlib.util.find_spec(name)
           ^^^^^^^^^^^^^^^^^^^^^^^^^^^^^^
  File "<frozen importlib.util>", line 91, in find_spec
ModuleNotFoundError: No module named 'plotly'
2025-05-07 17:52:33,664 INFO    MainThread:7532 [wandb_init.py:_post_run_cell_hook():613] [no run ID] resuming backend
2025-05-07 17:55:05,938 INFO    MainThread:7532 [jupyter.py:save_ipynb():401] [no run ID] not saving jupyter notebook
2025-05-07 17:55:05,938 INFO    MainThread:7532 [wandb_init.py:_pre_run_cell_hook():602] [no run ID] pausing backend
2025-05-07 17:55:05,956 INFO    MainThread:7532 [wandb_init.py:_post_run_cell_hook():613] [no run ID] resuming backend
2025-05-07 17:55:06,311 INFO    MainThread:7532 [jupyter.py:save_ipynb():401] [no run ID] not saving jupyter notebook
2025-05-07 17:55:06,311 INFO    MainThread:7532 [wandb_init.py:_pre_run_cell_hook():602] [no run ID] pausing backend
2025-05-07 17:55:06,327 INFO    MainThread:7532 [wandb_init.py:_post_run_cell_hook():613] [no run ID] resuming backend
2025-05-07 17:55:08,811 INFO    MainThread:7532 [jupyter.py:save_ipynb():401] [no run ID] not saving jupyter notebook
2025-05-07 17:55:08,811 INFO    MainThread:7532 [wandb_init.py:_pre_run_cell_hook():602] [no run ID] pausing backend
2025-05-07 17:55:08,833 INFO    MainThread:7532 [wandb_init.py:_post_run_cell_hook():613] [no run ID] resuming backend
2025-05-07 17:55:16,854 INFO    MainThread:7532 [jupyter.py:save_ipynb():401] [no run ID] not saving jupyter notebook
2025-05-07 17:55:16,855 INFO    MainThread:7532 [wandb_init.py:_pre_run_cell_hook():602] [no run ID] pausing backend
2025-05-07 17:55:25,006 INFO    MainThread:7532 [wandb_run.py:_finish():2314] finishing run fynn1612-leuphana/ngboost-fem-rauschen/mgz1e9x4
2025-05-07 17:55:25,015 INFO    MainThread:7532 [jupyter.py:save_ipynb():401] not saving jupyter notebook
2025-05-07 17:55:25,015 INFO    MainThread:7532 [wandb_init.py:_jupyter_teardown():628] cleaning up jupyter logic
2025-05-07 17:55:25,015 INFO    MainThread:7532 [wandb_run.py:_atexit_cleanup():2531] got exitcode: 0
2025-05-07 17:55:25,015 INFO    MainThread:7532 [wandb_run.py:_restore():2513] restore
2025-05-07 17:55:25,017 INFO    MainThread:7532 [wandb_run.py:_restore():2519] restore done
2025-05-07 17:55:26,379 INFO    MainThread:7532 [wandb_run.py:_footer_history_summary_info():4160] rendering history
2025-05-07 17:55:26,379 INFO    MainThread:7532 [wandb_run.py:_footer_history_summary_info():4192] rendering summary
2025-05-07 17:55:26,385 INFO    MainThread:7532 [wandb_run.py:_footer_sync_info():4121] logging synced files
